<?xml version="1.0" encoding="UTF-8"?>
<testng-results skipped="0" failed="0" total="1" passed="1">
  <reporter-output>
  </reporter-output>
  <suite name="Default suite" duration-ms="11538" started-at="2019-02-10T17:25:44Z" finished-at="2019-02-10T17:25:55Z">
    <groups>
    </groups>
    <test name="Default test" duration-ms="11538" started-at="2019-02-10T17:25:44Z" finished-at="2019-02-10T17:25:55Z">
      <class name="org.learnautomation.testcases.SeleniumGridTest3">
        <test-method status="PASS" signature="testOnCloud()[pri:0, instance:org.learnautomation.testcases.SeleniumGridTest3@4678c730]" name="testOnCloud" duration-ms="11499" started-at="2019-02-10T22:55:44Z" finished-at="2019-02-10T22:55:55Z">
          <reporter-output>
          </reporter-output>
        </test-method> <!-- testOnCloud -->
      </class> <!-- org.learnautomation.testcases.SeleniumGridTest3 -->
    </test> <!-- Default test -->
  </suite> <!-- Default suite -->
</testng-results>
